<?xml version="1.0" encoding="UTF-8"?>
<!-- Generated by org.testng.reporters.JUnitReportReporter -->
<testsuite hostname="DESKTOP-T4JK67Q" failures="0" tests="3" name="com.cms.testcases.BulkUploadTest" time="86.064" errors="0" timestamp="06 Oct 2021 10:40:40 GMT" skipped="0">
  <testcase classname="com.cms.testcases.BulkUploadTest" name="login" time="2.770"/>
  <testcase classname="com.cms.testcases.BulkUploadTest" name="bulkUpload" time="24.693"/>
  <testcase classname="com.cms.testcases.BulkUploadTest" name="fileAndAssetFolder" time="58.601"/>
</testsuite> <!-- com.cms.testcases.BulkUploadTest -->
