<?xml version="1.0" encoding="UTF-8"?>
<!-- Generated by org.testng.reporters.JUnitReportReporter -->
<testsuite hostname="DESKTOP-T4JK67Q" failures="0" tests="1" name="com.cms.testcases.ForgotPassword_02" time="2.595" errors="0" timestamp="24 Nov 2021 11:26:45 GMT" skipped="0">
  <testcase classname="com.cms.testcases.ForgotPassword_02" name="forgotPasswordAction" time="2.595"/>
</testsuite> <!-- com.cms.testcases.ForgotPassword_02 -->
