<?xml version="1.0" encoding="UTF-8"?>
<!-- Generated by org.testng.reporters.JUnitReportReporter -->
<testsuite hostname="DESKTOP-T4JK67Q" failures="0" tests="3" name="com.cms.testcases.ProductAttributeSingleTest_05" time="25.477" errors="0" timestamp="25 Nov 2021 12:15:47 GMT" skipped="0">
  <testcase classname="com.cms.testcases.ProductAttributeSingleTest_05" name="loginAction" time="2.812"/>
  <testcase classname="com.cms.testcases.ProductAttributeSingleTest_05" name="productAttribute" time="15.338"/>
  <testcase classname="com.cms.testcases.ProductAttributeSingleTest_05" name="updateAttributeName" time="7.327"/>
</testsuite> <!-- com.cms.testcases.ProductAttributeSingleTest_05 -->
