<?xml version="1.0" encoding="UTF-8"?>
<!-- Generated by org.testng.reporters.JUnitReportReporter -->
<testsuite hostname="DESKTOP-T4JK67Q" failures="0" tests="3" name="com.cms.testcases.InventoryLog_03" time="20.419" errors="0" timestamp="01 Aug 2022 11:35:02 GMT" skipped="0">
  <testcase classname="com.cms.testcases.InventoryLog_03" name="login" time="2.555"/>
  <testcase classname="com.cms.testcases.InventoryLog_03" name="AssetInventoryLogpage" time="8.298"/>
  <testcase classname="com.cms.testcases.InventoryLog_03" name="MoveForward" time="9.566"/>
</testsuite> <!-- com.cms.testcases.InventoryLog_03 -->
