<?xml version="1.0" encoding="UTF-8"?>
<!-- Generated by org.testng.reporters.JUnitReportReporter -->
<testsuite hostname="DESKTOP-T4JK67Q" failures="0" tests="3" name="com.cms.testcases.ProductCatalogTest_07" time="32.096" errors="0" timestamp="03 Aug 2022 09:05:04 GMT" skipped="0">
  <testcase classname="com.cms.testcases.ProductCatalogTest_07" name="login" time="3.104"/>
  <testcase classname="com.cms.testcases.ProductCatalogTest_07" name="clickOnProductCatalogFromList" time="27.608"/>
  <testcase classname="com.cms.testcases.ProductCatalogTest_07" name="clickOnDownloadTemplate" time="1.384"/>
</testsuite> <!-- com.cms.testcases.ProductCatalogTest_07 -->
