<?xml version="1.0" encoding="UTF-8"?>
<!-- Generated by org.testng.reporters.JUnitReportReporter -->
<testsuite hostname="DESKTOP-T4JK67Q" failures="0" tests="1" name="com.cms.testcases.LoginTest_02" time="4.747" errors="0" timestamp="24 Nov 2021 09:41:56 GMT" skipped="0">
  <testcase classname="com.cms.testcases.LoginTest_02" name="loginInvalid" time="4.747"/>
</testsuite> <!-- com.cms.testcases.LoginTest_02 -->
