<?xml version="1.0" encoding="UTF-8"?>
<!-- Generated by org.testng.reporters.JUnitReportReporter -->
<testsuite hostname="DESKTOP-T4JK67Q" failures="0" tests="3" name="com.cms.testcases.HelpAndSupportTest_01" time="25.864" errors="0" timestamp="29 Sep 2021 10:54:32 GMT" skipped="0">
  <testcase classname="com.cms.testcases.HelpAndSupportTest_01" name="loginAction" time="2.763"/>
  <testcase classname="com.cms.testcases.HelpAndSupportTest_01" name="navigateHelpAndSupportModule" time="4.242"/>
  <testcase classname="com.cms.testcases.HelpAndSupportTest_01" name="navigateToHelpAndSupportPage" time="18.859"/>
</testsuite> <!-- com.cms.testcases.HelpAndSupportTest_01 -->
