<?xml version="1.0" encoding="UTF-8"?>
<!-- Generated by org.testng.reporters.JUnitReportReporter -->
<testsuite hostname="DESKTOP-T4JK67Q" failures="0" tests="2" name="com.cms.testcases.SearchItemCatalog_01" time="11.173" errors="0" timestamp="24 Nov 2021 11:48:23 GMT" skipped="0">
  <testcase classname="com.cms.testcases.SearchItemCatalog_01" name="login" time="2.792"/>
  <testcase classname="com.cms.testcases.SearchItemCatalog_01" name="bulkUpload" time="8.381"/>
</testsuite> <!-- com.cms.testcases.SearchItemCatalog_01 -->
