<?xml version="1.0" encoding="UTF-8"?>
<!-- Generated by org.testng.reporters.JUnitReportReporter -->
<testsuite hostname="DESKTOP-T4JK67Q" failures="0" tests="3" name="com.cms.testcases.LoginCMS" time="78.176" errors="0" timestamp="19 Aug 2021 12:03:38 GMT" skipped="0">
  <testcase classname="com.cms.testcases.LoginCMS" name="login" time="2.531"/>
  <testcase classname="com.cms.testcases.LoginCMS" name="bulkUpload" time="17.791"/>
  <testcase classname="com.cms.testcases.LoginCMS" name="fileAndAssetFolder" time="57.854"/>
</testsuite> <!-- com.cms.testcases.LoginCMS -->
