<?xml version="1.0" encoding="UTF-8"?>
<!-- Generated by org.testng.reporters.JUnitReportReporter -->
<testsuite hostname="DESKTOP-T4JK67Q" failures="0" tests="3" name="com.cms.testcases.ProductCatalogTest_18" time="37.053" errors="0" timestamp="11 Jul 2022 05:49:35 GMT" skipped="0">
  <testcase classname="com.cms.testcases.ProductCatalogTest_18" name="login" time="2.964"/>
  <testcase classname="com.cms.testcases.ProductCatalogTest_18" name="clickOnProductCatalogFromList" time="31.410"/>
  <testcase classname="com.cms.testcases.ProductCatalogTest_18" name="downloadfiles" time="2.679"/>
</testsuite> <!-- com.cms.testcases.ProductCatalogTest_18 -->
