<?xml version="1.0" encoding="UTF-8"?>
<!-- Generated by org.testng.reporters.JUnitReportReporter -->
<testsuite hostname="DESKTOP-T4JK67Q" failures="0" tests="3" name="com.cms.testcases.ProductAttributeSingleTest_07" time="19.929" errors="0" timestamp="25 Nov 2021 12:27:41 GMT" skipped="0">
  <testcase classname="com.cms.testcases.ProductAttributeSingleTest_07" name="loginAction" time="2.903"/>
  <testcase classname="com.cms.testcases.ProductAttributeSingleTest_07" name="productAttribute" time="11.429"/>
  <testcase classname="com.cms.testcases.ProductAttributeSingleTest_07" name="enterAttributeName" time="5.597"/>
</testsuite> <!-- com.cms.testcases.ProductAttributeSingleTest_07 -->
