<?xml version="1.0" encoding="UTF-8"?>
<!-- Generated by org.testng.reporters.JUnitReportReporter -->
<testsuite hostname="DESKTOP-T4JK67Q" failures="0" tests="3" name="com.cms.testcases.ProductAttributeSingleTest_06" time="21.784" errors="0" timestamp="25 Nov 2021 12:23:35 GMT" skipped="0">
  <testcase classname="com.cms.testcases.ProductAttributeSingleTest_06" name="loginAction" time="2.647"/>
  <testcase classname="com.cms.testcases.ProductAttributeSingleTest_06" name="productAttribute" time="15.263"/>
  <testcase classname="com.cms.testcases.ProductAttributeSingleTest_06" name="deleteAttributeName" time="3.874"/>
</testsuite> <!-- com.cms.testcases.ProductAttributeSingleTest_06 -->
