<?xml version="1.0" encoding="UTF-8"?>
<!-- Generated by org.testng.reporters.JUnitReportReporter -->
<testsuite hostname="DESKTOP-T4JK67Q" failures="0" tests="4" name="com.cms.testcases.ProductCatalogTest_19" time="39.583" errors="0" timestamp="03 Aug 2022 11:49:32 GMT" skipped="0">
  <testcase classname="com.cms.testcases.ProductCatalogTest_19" name="login" time="2.743"/>
  <testcase classname="com.cms.testcases.ProductCatalogTest_19" name="clickOnProductCatalogFromList" time="29.986"/>
  <testcase classname="com.cms.testcases.ProductCatalogTest_19" name="clickOnAttributeTab" time="2.455"/>
  <testcase classname="com.cms.testcases.ProductCatalogTest_19" name="MandatorySpecificationsTextfield" time="4.399"/>
</testsuite> <!-- com.cms.testcases.ProductCatalogTest_19 -->
