<?xml version="1.0" encoding="UTF-8"?>
<!-- Generated by org.testng.reporters.JUnitReportReporter -->
<testsuite hostname="DESKTOP-T4JK67Q" failures="0" tests="3" name="com.cms.testcases.Subscription_01" time="9.159" errors="0" timestamp="10 Dec 2021 12:41:34 GMT" skipped="0">
  <testcase classname="com.cms.testcases.Subscription_01" name="login" time="2.814"/>
  <testcase classname="com.cms.testcases.Subscription_01" name="navigateToMySubscription" time="5.423"/>
  <testcase classname="com.cms.testcases.Subscription_01" name="captureMySubscription" time="0.922"/>
</testsuite> <!-- com.cms.testcases.Subscription_01 -->
