<?xml version="1.0" encoding="UTF-8"?>
<!-- Generated by org.testng.reporters.JUnitReportReporter -->
<testsuite hostname="DESKTOP-T4JK67Q" failures="0" tests="3" name="com.cms.testcases.ProductCatalogTest_08" time="30.551" errors="0" timestamp="23 May 2022 11:39:12 GMT" skipped="0">
  <testcase classname="com.cms.testcases.ProductCatalogTest_08" name="login" time="2.526"/>
  <testcase classname="com.cms.testcases.ProductCatalogTest_08" name="clickOnProductCatalogFromList" time="27.532"/>
  <testcase classname="com.cms.testcases.ProductCatalogTest_08" name="verifyEyeIcon" time="0.493"/>
</testsuite> <!-- com.cms.testcases.ProductCatalogTest_08 -->
