<?xml version="1.0" encoding="UTF-8"?>
<!-- Generated by org.testng.reporters.JUnitReportReporter -->
<testsuite hostname="DESKTOP-T4JK67Q" failures="0" tests="3" name="com.cms.testcases.ProductCatalogTest_05" time="34.364" errors="0" timestamp="08 Dec 2021 09:19:23 GMT" skipped="0">
  <testcase classname="com.cms.testcases.ProductCatalogTest_05" name="login" time="2.714"/>
  <testcase classname="com.cms.testcases.ProductCatalogTest_05" name="clickOnProductCatalogFromList" time="30.067"/>
  <testcase classname="com.cms.testcases.ProductCatalogTest_05" name="updateItemDetailsName" time="1.583"/>
</testsuite> <!-- com.cms.testcases.ProductCatalogTest_05 -->
