<?xml version="1.0" encoding="UTF-8"?>
<!-- Generated by org.testng.reporters.JUnitReportReporter -->
<testsuite hostname="DESKTOP-T4JK67Q" failures="0" tests="2" name="com.cms.testcases.ProductAttributeSingleTest_04" time="18.316" errors="0" timestamp="25 Nov 2021 11:22:52 GMT" skipped="0">
  <testcase classname="com.cms.testcases.ProductAttributeSingleTest_04" name="loginAction" time="2.895"/>
  <testcase classname="com.cms.testcases.ProductAttributeSingleTest_04" name="productAttribute" time="15.421"/>
</testsuite> <!-- com.cms.testcases.ProductAttributeSingleTest_04 -->
