<?xml version="1.0" encoding="UTF-8"?>
<!-- Generated by org.testng.reporters.JUnitReportReporter -->
<testsuite hostname="DESKTOP-T4JK67Q" failures="0" tests="3" name="com.cms.testcases.BulkAttributeTest_03" time="20.743" errors="0" timestamp="24 Sep 2021 11:38:06 GMT" skipped="0">
  <testcase classname="com.cms.testcases.BulkAttributeTest_03" name="loginAction" time="2.976"/>
  <testcase classname="com.cms.testcases.BulkAttributeTest_03" name="productAttribute" time="11.011"/>
  <testcase classname="com.cms.testcases.BulkAttributeTest_03" name="uploadEmptyExcelFile" time="6.756"/>
</testsuite> <!-- com.cms.testcases.BulkAttributeTest_03 -->
