<?xml version="1.0" encoding="UTF-8"?>
<!-- Generated by org.testng.reporters.JUnitReportReporter -->
<testsuite hostname="DESKTOP-T4JK67Q" failures="0" tests="3" name="com.cms.testcases.BulkAttributeTest_01" time="13.513" errors="0" timestamp="30 Nov 2021 12:36:40 GMT" skipped="0">
  <testcase classname="com.cms.testcases.BulkAttributeTest_01" name="loginAction" time="2.541"/>
  <testcase classname="com.cms.testcases.BulkAttributeTest_01" name="productAttribute" time="10.505"/>
  <testcase classname="com.cms.testcases.BulkAttributeTest_01" name="verifyWebElementsOnWidowPopup" time="0.467"/>
</testsuite> <!-- com.cms.testcases.BulkAttributeTest_01 -->
