<?xml version="1.0" encoding="UTF-8"?>
<!-- Generated by org.testng.reporters.JUnitReportReporter -->
<testsuite hostname="DESKTOP-T4JK67Q" failures="0" tests="3" name="com.cms.testcases.ProductCategoriesTest_08" time="15.002" errors="0" timestamp="14 Mar 2022 07:12:47 GMT" skipped="0">
  <testcase classname="com.cms.testcases.ProductCategoriesTest_08" name="login" time="2.543"/>
  <testcase classname="com.cms.testcases.ProductCategoriesTest_08" name="productCategories" time="8.242"/>
  <testcase classname="com.cms.testcases.ProductCategoriesTest_08" name="searchProductCategoryInTextboxAndDelete" time="4.217"/>
</testsuite> <!-- com.cms.testcases.ProductCategoriesTest_08 -->
