<?xml version="1.0" encoding="UTF-8"?>
<!-- Generated by org.testng.reporters.JUnitReportReporter -->
<testsuite hostname="DESKTOP-T4JK67Q" failures="0" tests="3" name="com.cms.testcases.ProductAttributeSingleTest_03" time="15.217" errors="0" timestamp="25 Nov 2021 10:59:34 GMT" skipped="0">
  <testcase classname="com.cms.testcases.ProductAttributeSingleTest_03" name="loginAction" time="2.547"/>
  <testcase classname="com.cms.testcases.ProductAttributeSingleTest_03" name="productAttribute" time="11.341"/>
  <testcase classname="com.cms.testcases.ProductAttributeSingleTest_03" name="clickOnSaveButton" time="1.329"/>
</testsuite> <!-- com.cms.testcases.ProductAttributeSingleTest_03 -->
