<?xml version="1.0" encoding="UTF-8"?>
<!-- Generated by org.testng.reporters.JUnitReportReporter -->
<testsuite hostname="DESKTOP-T4JK67Q" failures="0" tests="3" name="com.cms.testcases.UpdateAttribute_01" time="25.196" errors="0" timestamp="25 Nov 2021 12:13:43 GMT" skipped="0">
  <testcase classname="com.cms.testcases.UpdateAttribute_01" name="loginAction" time="2.695"/>
  <testcase classname="com.cms.testcases.UpdateAttribute_01" name="productAttribute" time="15.316"/>
  <testcase classname="com.cms.testcases.UpdateAttribute_01" name="updateAttributeName" time="7.185"/>
</testsuite> <!-- com.cms.testcases.UpdateAttribute_01 -->
