<?xml version="1.0" encoding="UTF-8"?>
<!-- Generated by org.testng.reporters.JUnitReportReporter -->
<testsuite hostname="DESKTOP-T4JK67Q" failures="0" tests="3" name="com.cms.testcases.ProductClusters_04" time="15.032" errors="0" timestamp="02 Nov 2021 06:18:54 GMT" skipped="0">
  <testcase classname="com.cms.testcases.ProductClusters_04" name="login" time="2.714"/>
  <testcase classname="com.cms.testcases.ProductClusters_04" name="productClusters" time="11.508"/>
  <testcase classname="com.cms.testcases.ProductClusters_04" name="searchExistingClusterNameFromSearchbox" time="0.810"/>
</testsuite> <!-- com.cms.testcases.ProductClusters_04 -->
