<?xml version="1.0" encoding="UTF-8"?>
<!-- Generated by org.testng.reporters.JUnitReportReporter -->
<testsuite hostname="DESKTOP-T4JK67Q" failures="0" tests="3" name="com.cms.testcases.SingleAttributeTest_03" time="15.146" errors="0" timestamp="25 Nov 2021 10:57:41 GMT" skipped="0">
  <testcase classname="com.cms.testcases.SingleAttributeTest_03" name="loginAction" time="2.562"/>
  <testcase classname="com.cms.testcases.SingleAttributeTest_03" name="productAttribute" time="11.289"/>
  <testcase classname="com.cms.testcases.SingleAttributeTest_03" name="clickOnSaveButton" time="1.295"/>
</testsuite> <!-- com.cms.testcases.SingleAttributeTest_03 -->
