<?xml version="1.0" encoding="UTF-8"?>
<!-- Generated by org.testng.reporters.JUnitReportReporter -->
<testsuite hostname="DESKTOP-T4JK67Q" failures="0" tests="5" name="com.cms.testcases.ProductCategoriesTest_10" time="24.824" errors="0" timestamp="01 Jun 2022 12:45:31 GMT" skipped="0">
  <testcase classname="com.cms.testcases.ProductCategoriesTest_10" name="login" time="2.503"/>
  <testcase classname="com.cms.testcases.ProductCategoriesTest_10" name="productCategories" time="9.745"/>
  <testcase classname="com.cms.testcases.ProductCategoriesTest_10" name="searchProductCategoryInTextbox" time="0.427"/>
  <testcase classname="com.cms.testcases.ProductCategoriesTest_10" name="clickOnswitcherIcon" time="7.422"/>
  <testcase classname="com.cms.testcases.ProductCategoriesTest_10" name="clickOnDeleteButton" time="4.727"/>
</testsuite> <!-- com.cms.testcases.ProductCategoriesTest_10 -->
