<?xml version="1.0" encoding="UTF-8"?>
<!-- Generated by org.testng.reporters.JUnitReportReporter -->
<testsuite hostname="DESKTOP-T4JK67Q" failures="0" tests="3" name="com.cms.testcases.MySubscription_01" time="9.865" errors="0" timestamp="15 Dec 2021 06:18:51 GMT" skipped="0">
  <testcase classname="com.cms.testcases.MySubscription_01" name="login" time="3.419"/>
  <testcase classname="com.cms.testcases.MySubscription_01" name="navigateToMySubscription" time="5.568"/>
  <testcase classname="com.cms.testcases.MySubscription_01" name="captureMySubscription" time="0.878"/>
</testsuite> <!-- com.cms.testcases.MySubscription_01 -->
