<?xml version="1.0" encoding="UTF-8"?>
<!-- Generated by org.testng.reporters.JUnitReportReporter -->
<testsuite hostname="DESKTOP-T4JK67Q" failures="0" tests="3" name="com.cms.testcases.ProductCatalogTest_13" time="31.724" errors="0" timestamp="06 Jul 2022 10:02:35 GMT" skipped="0">
  <testcase classname="com.cms.testcases.ProductCatalogTest_13" name="login" time="2.779"/>
  <testcase classname="com.cms.testcases.ProductCatalogTest_13" name="clickOnProductCatalogFromList" time="28.471"/>
  <testcase classname="com.cms.testcases.ProductCatalogTest_13" name="verifydownloadfiles" time="0.474"/>
</testsuite> <!-- com.cms.testcases.ProductCatalogTest_13 -->
