<?xml version="1.0" encoding="UTF-8"?>
<!-- Generated by org.testng.reporters.JUnitReportReporter -->
<testsuite hostname="DESKTOP-T4JK67Q" failures="0" tests="2" name="com.cms.testcases.ProductCatalogTest_03" time="11.219" errors="0" timestamp="25 Jan 2022 12:56:49 GMT" skipped="0">
  <testcase classname="com.cms.testcases.ProductCatalogTest_03" name="login" time="2.801"/>
  <testcase classname="com.cms.testcases.ProductCatalogTest_03" name="bulkUpload" time="8.418"/>
</testsuite> <!-- com.cms.testcases.ProductCatalogTest_03 -->
