<?xml version="1.0" encoding="UTF-8"?>
<!-- Generated by org.testng.reporters.JUnitReportReporter -->
<testsuite hostname="DESKTOP-T4JK67Q" failures="0" tests="3" name="com.cms.testcases.ProductClusters_03" time="18.033" errors="0" timestamp="29 Oct 2021 09:59:46 GMT" skipped="0">
  <testcase classname="com.cms.testcases.ProductClusters_03" name="login" time="2.798"/>
  <testcase classname="com.cms.testcases.ProductClusters_03" name="productClusters" time="12.180"/>
  <testcase classname="com.cms.testcases.ProductClusters_03" name="enterExistingClusterNameAndClickOnNextButton" time="3.055"/>
</testsuite> <!-- com.cms.testcases.ProductClusters_03 -->
