<?xml version="1.0" encoding="UTF-8"?>
<!-- Generated by org.testng.reporters.JUnitReportReporter -->
<testsuite hostname="DESKTOP-T4JK67Q" failures="0" tests="3" name="com.cms.testcases.ProductCatalogTest_14" time="31.109" errors="0" timestamp="10 Jun 2022 10:38:19 GMT" skipped="0">
  <testcase classname="com.cms.testcases.ProductCatalogTest_14" name="login" time="2.895"/>
  <testcase classname="com.cms.testcases.ProductCatalogTest_14" name="clickOnProductCatalogFromList" time="27.545"/>
  <testcase classname="com.cms.testcases.ProductCatalogTest_14" name="CaptureCreatedDate" time="0.669"/>
</testsuite> <!-- com.cms.testcases.ProductCatalogTest_14 -->
