<?xml version="1.0" encoding="UTF-8"?>
<!-- Generated by org.testng.reporters.JUnitReportReporter -->
<testsuite hostname="DESKTOP-T4JK67Q" failures="0" tests="2" name="com.cms.testcases.BulkUploadTest_02" time="11.160" errors="0" timestamp="16 Nov 2021 10:48:07 GMT" skipped="0">
  <testcase classname="com.cms.testcases.BulkUploadTest_02" name="login" time="2.726"/>
  <testcase classname="com.cms.testcases.BulkUploadTest_02" name="gridView" time="8.434"/>
</testsuite> <!-- com.cms.testcases.BulkUploadTest_02 -->
