<?xml version="1.0" encoding="UTF-8"?>
<!-- Generated by org.testng.reporters.JUnitReportReporter -->
<testsuite hostname="DESKTOP-T4JK67Q" failures="0" tests="4" name="com.cms.testcases.ProductClusters_07" time="25.077" errors="0" timestamp="23 Dec 2021 04:56:10 GMT" skipped="0">
  <testcase classname="com.cms.testcases.ProductClusters_07" name="login" time="2.600"/>
  <testcase classname="com.cms.testcases.ProductClusters_07" name="productClusters" time="10.996"/>
  <testcase classname="com.cms.testcases.ProductClusters_07" name="editProductClusters" time="9.363"/>
  <testcase classname="com.cms.testcases.ProductClusters_07" name="duplicateProductClusters" time="2.118"/>
</testsuite> <!-- com.cms.testcases.ProductClusters_07 -->
