<?xml version="1.0" encoding="UTF-8"?>
<!-- Generated by org.testng.reporters.JUnitReportReporter -->
<testsuite hostname="DESKTOP-T4JK67Q" failures="0" tests="5" name="com.cms.testcases.ProductCategoriesTest_04" time="19.632" errors="0" timestamp="19 Oct 2021 10:51:04 GMT" skipped="0">
  <testcase classname="com.cms.testcases.ProductCategoriesTest_04" name="login" time="2.511"/>
  <testcase classname="com.cms.testcases.ProductCategoriesTest_04" name="productCategories" time="8.372"/>
  <testcase classname="com.cms.testcases.ProductCategoriesTest_04" name="searchProductCategoryInTextbox" time="2.478"/>
  <testcase classname="com.cms.testcases.ProductCategoriesTest_04" name="addProductSubCategory" time="2.723"/>
  <testcase classname="com.cms.testcases.ProductCategoriesTest_04" name="searchproductSubcategoryProductClustersInSearchbox" time="3.548"/>
</testsuite> <!-- com.cms.testcases.ProductCategoriesTest_04 -->
