<?xml version="1.0" encoding="UTF-8"?>
<!-- Generated by org.testng.reporters.JUnitReportReporter -->
<testsuite hostname="DESKTOP-T4JK67Q" failures="0" tests="5" name="com.cms.testcases.ProductCategoriesTest_05" time="21.918" errors="0" timestamp="18 May 2022 12:26:25 GMT" skipped="0">
  <testcase classname="com.cms.testcases.ProductCategoriesTest_05" name="login" time="2.522"/>
  <testcase classname="com.cms.testcases.ProductCategoriesTest_05" name="productCategories" time="8.413"/>
  <testcase classname="com.cms.testcases.ProductCategoriesTest_05" name="searchProductCategoryInTextbox" time="3.792"/>
  <testcase classname="com.cms.testcases.ProductCategoriesTest_05" name="updateProductCategoryInTextbox" time="2.651"/>
  <testcase classname="com.cms.testcases.ProductCategoriesTest_05" name="searchProductClustersInSearchbox" time="4.540"/>
</testsuite> <!-- com.cms.testcases.ProductCategoriesTest_05 -->
