<?xml version="1.0" encoding="UTF-8"?>
<!-- Generated by org.testng.reporters.JUnitReportReporter -->
<testsuite hostname="DESKTOP-T4JK67Q" failures="0" tests="3" name="com.cms.testcases.ProductCatalogTest_04" time="40.241" errors="0" timestamp="20 May 2022 11:37:44 GMT" skipped="0">
  <testcase classname="com.cms.testcases.ProductCatalogTest_04" name="login" time="2.564"/>
  <testcase classname="com.cms.testcases.ProductCatalogTest_04" name="clickOnProductCatalogFromList" time="30.248"/>
  <testcase classname="com.cms.testcases.ProductCatalogTest_04" name="clickOnViewIn3DOption" time="7.429"/>
</testsuite> <!-- com.cms.testcases.ProductCatalogTest_04 -->
