<?xml version="1.0" encoding="UTF-8"?>
<!-- Generated by org.testng.reporters.JUnitReportReporter -->
<testsuite hostname="DESKTOP-T4JK67Q" failures="0" tests="1" name="com.cms.testcases.LoginToCMS" time="2.940" errors="0" timestamp="19 Aug 2021 12:00:30 GMT" skipped="0">
  <testcase classname="com.cms.testcases.LoginToCMS" name="loginAction" time="2.940"/>
</testsuite> <!-- com.cms.testcases.LoginToCMS -->
