<?xml version="1.0" encoding="UTF-8"?>
<!-- Generated by org.testng.reporters.JUnitReportReporter -->
<testsuite hostname="DESKTOP-T4JK67Q" failures="0" tests="3" name="com.cms.testcases.ProductAttributeSingleTest_01" time="30.294" errors="0" timestamp="25 Nov 2021 10:48:17 GMT" skipped="0">
  <testcase classname="com.cms.testcases.ProductAttributeSingleTest_01" name="loginAction" time="2.470"/>
  <testcase classname="com.cms.testcases.ProductAttributeSingleTest_01" name="productAttribute" time="11.401"/>
  <testcase classname="com.cms.testcases.ProductAttributeSingleTest_01" name="enterAttributeName" time="16.423"/>
</testsuite> <!-- com.cms.testcases.ProductAttributeSingleTest_01 -->
