<?xml version="1.0" encoding="UTF-8"?>
<!-- Generated by org.testng.reporters.JUnitReportReporter -->
<testsuite hostname="DESKTOP-T4JK67Q" failures="0" tests="3" name="com.cms.testcases.BulkUpload" time="78.872" errors="0" timestamp="19 Aug 2021 12:35:12 GMT" skipped="0">
  <testcase classname="com.cms.testcases.BulkUpload" name="login" time="2.790"/>
  <testcase classname="com.cms.testcases.BulkUpload" name="bulkUpload" time="18.067"/>
  <testcase classname="com.cms.testcases.BulkUpload" name="fileAndAssetFolder" time="58.015"/>
</testsuite> <!-- com.cms.testcases.BulkUpload -->
