<?xml version="1.0" encoding="UTF-8"?>
<!-- Generated by org.testng.reporters.JUnitReportReporter -->
<testsuite hostname="DESKTOP-T4JK67Q" failures="0" tests="3" name="com.cms.testcases.ProductCategoriesTest_03" time="14.817" errors="0" timestamp="14 Oct 2021 13:49:09 GMT" skipped="0">
  <testcase classname="com.cms.testcases.ProductCategoriesTest_03" name="login" time="2.682"/>
  <testcase classname="com.cms.testcases.ProductCategoriesTest_03" name="productCategories" time="8.784"/>
  <testcase classname="com.cms.testcases.ProductCategoriesTest_03" name="enterExistingProductCategory" time="3.351"/>
</testsuite> <!-- com.cms.testcases.ProductCategoriesTest_03 -->
