<?xml version="1.0" encoding="UTF-8"?>
<!-- Generated by org.testng.reporters.JUnitReportReporter -->
<testsuite hostname="DESKTOP-T4JK67Q" failures="0" tests="3" name="com.cms.testcases.ProductCatalogTest_11" time="38.665" errors="0" timestamp="30 May 2022 08:29:51 GMT" skipped="0">
  <testcase classname="com.cms.testcases.ProductCatalogTest_11" name="login" time="2.586"/>
  <testcase classname="com.cms.testcases.ProductCatalogTest_11" name="clickOnProductCatalogFromList" time="33.208"/>
  <testcase classname="com.cms.testcases.ProductCatalogTest_11" name="clickOnPublishedFromDropdown" time="2.871"/>
</testsuite> <!-- com.cms.testcases.ProductCatalogTest_11 -->
