<?xml version="1.0" encoding="UTF-8"?>
<!-- Generated by org.testng.reporters.JUnitReportReporter -->
<testsuite hostname="DESKTOP-T4JK67Q" failures="0" tests="3" name="com.cms.testcases.BulkAttributeTest_05" time="13.438" errors="0" timestamp="27 Sep 2021 11:14:18 GMT" skipped="0">
  <testcase classname="com.cms.testcases.BulkAttributeTest_05" name="loginAction" time="2.813"/>
  <testcase classname="com.cms.testcases.BulkAttributeTest_05" name="productAttribute" time="10.402"/>
  <testcase classname="com.cms.testcases.BulkAttributeTest_05" name="closeWindowPopup" time="0.223"/>
</testsuite> <!-- com.cms.testcases.BulkAttributeTest_05 -->
