<?xml version="1.0" encoding="UTF-8"?>
<!-- Generated by org.testng.reporters.JUnitReportReporter -->
<testsuite hostname="DESKTOP-T4JK67Q" failures="0" tests="3" name="com.cms.testcases.MyProfile_01" time="9.421" errors="0" timestamp="15 Dec 2021 09:50:35 GMT" skipped="0">
  <testcase classname="com.cms.testcases.MyProfile_01" name="login" time="2.762"/>
  <testcase classname="com.cms.testcases.MyProfile_01" name="navigateToMySubscription" time="5.451"/>
  <testcase classname="com.cms.testcases.MyProfile_01" name="captureMyprofile" time="1.208"/>
</testsuite> <!-- com.cms.testcases.MyProfile_01 -->
