<?xml version="1.0" encoding="UTF-8"?>
<!-- Generated by org.testng.reporters.JUnitReportReporter -->
<testsuite hostname="DESKTOP-T4JK67Q" failures="0" tests="3" name="com.cms.testcases.FileTypesTest_01" time="14.128" errors="0" timestamp="29 Sep 2021 05:46:23 GMT" skipped="0">
  <testcase classname="com.cms.testcases.FileTypesTest_01" name="loginAction" time="2.949"/>
  <testcase classname="com.cms.testcases.FileTypesTest_01" name="navigateFileTypeModule" time="10.488"/>
  <testcase classname="com.cms.testcases.FileTypesTest_01" name="fetchFileTypes" time="0.691"/>
</testsuite> <!-- com.cms.testcases.FileTypesTest_01 -->
