<?xml version="1.0" encoding="UTF-8"?>
<!-- Generated by org.testng.reporters.JUnitReportReporter -->
<testsuite hostname="DESKTOP-T4JK67Q" failures="0" tests="3" name="com.cms.testcases.SingleAttributeTest_02" time="29.351" errors="0" timestamp="25 Nov 2021 10:49:41 GMT" skipped="0">
  <testcase classname="com.cms.testcases.SingleAttributeTest_02" name="loginAction" time="2.546"/>
  <testcase classname="com.cms.testcases.SingleAttributeTest_02" name="productAttribute" time="11.535"/>
  <testcase classname="com.cms.testcases.SingleAttributeTest_02" name="emptyAttributeName" time="15.270"/>
</testsuite> <!-- com.cms.testcases.SingleAttributeTest_02 -->
