<?xml version="1.0" encoding="UTF-8"?>
<!-- Generated by org.testng.reporters.JUnitReportReporter -->
<testsuite hostname="DESKTOP-T4JK67Q" failures="0" tests="2" name="com.cms.testcases.SingleAttributeSearchTest_01" time="18.238" errors="0" timestamp="25 Nov 2021 11:21:24 GMT" skipped="0">
  <testcase classname="com.cms.testcases.SingleAttributeSearchTest_01" name="loginAction" time="2.968"/>
  <testcase classname="com.cms.testcases.SingleAttributeSearchTest_01" name="productAttribute" time="15.270"/>
</testsuite> <!-- com.cms.testcases.SingleAttributeSearchTest_01 -->
