<?xml version="1.0" encoding="UTF-8"?>
<!-- Generated by org.testng.reporters.JUnitReportReporter -->
<testsuite hostname="DESKTOP-T4JK67Q" failures="0" tests="3" name="com.cms.testcases.DuplicateAttribute_01" time="19.993" errors="0" timestamp="25 Nov 2021 12:26:21 GMT" skipped="0">
  <testcase classname="com.cms.testcases.DuplicateAttribute_01" name="loginAction" time="2.700"/>
  <testcase classname="com.cms.testcases.DuplicateAttribute_01" name="productAttribute" time="11.542"/>
  <testcase classname="com.cms.testcases.DuplicateAttribute_01" name="enterAttributeName" time="5.751"/>
</testsuite> <!-- com.cms.testcases.DuplicateAttribute_01 -->
