<?xml version="1.0" encoding="UTF-8"?>
<!-- Generated by org.testng.reporters.JUnitReportReporter -->
<testsuite hostname="DESKTOP-T4JK67Q" failures="0" tests="3" name="com.cms.testcases.InventoryLog_01" time="17.532" errors="0" timestamp="14 Jul 2022 08:01:56 GMT" skipped="0">
  <testcase classname="com.cms.testcases.InventoryLog_01" name="login" time="2.833"/>
  <testcase classname="com.cms.testcases.InventoryLog_01" name="AssetInventoryLogpage" time="7.896"/>
  <testcase classname="com.cms.testcases.InventoryLog_01" name="ViewDetails" time="6.803"/>
</testsuite> <!-- com.cms.testcases.InventoryLog_01 -->
