<?xml version="1.0" encoding="UTF-8"?>
<!-- Generated by org.testng.reporters.JUnitReportReporter -->
<testsuite hostname="DESKTOP-T4JK67Q" failures="0" tests="3" name="com.cms.testcases.ProductCategoriesTest_06" time="16.165" errors="0" timestamp="20 Oct 2021 10:21:00 GMT" skipped="0">
  <testcase classname="com.cms.testcases.ProductCategoriesTest_06" name="login" time="2.775"/>
  <testcase classname="com.cms.testcases.ProductCategoriesTest_06" name="productCategories" time="9.978"/>
  <testcase classname="com.cms.testcases.ProductCategoriesTest_06" name="enterProductCategoryInTextbox" time="3.412"/>
</testsuite> <!-- com.cms.testcases.ProductCategoriesTest_06 -->
