<?xml version="1.0" encoding="UTF-8"?>
<!-- Generated by org.testng.reporters.JUnitReportReporter -->
<testsuite hostname="DESKTOP-T4JK67Q" failures="0" tests="3" name="com.cms.testcases.InventoryLog_02" time="11.840" errors="0" timestamp="21 Jul 2022 09:21:35 GMT" skipped="0">
  <testcase classname="com.cms.testcases.InventoryLog_02" name="login" time="2.538"/>
  <testcase classname="com.cms.testcases.InventoryLog_02" name="AssetInventoryLogpage" time="8.573"/>
  <testcase classname="com.cms.testcases.InventoryLog_02" name="DeleteAssetInventoryLogList" time="0.729"/>
</testsuite> <!-- com.cms.testcases.InventoryLog_02 -->
