<?xml version="1.0" encoding="UTF-8"?>
<!-- Generated by org.testng.reporters.JUnitReportReporter -->
<testsuite hostname="DESKTOP-T4JK67Q" failures="0" tests="3" name="com.cms.testcases.SingleAttributeTest_01" time="30.462" errors="0" timestamp="25 Nov 2021 10:39:05 GMT" skipped="0">
  <testcase classname="com.cms.testcases.SingleAttributeTest_01" name="loginAction" time="2.794"/>
  <testcase classname="com.cms.testcases.SingleAttributeTest_01" name="productAttribute" time="11.239"/>
  <testcase classname="com.cms.testcases.SingleAttributeTest_01" name="enterAttributeName" time="16.429"/>
</testsuite> <!-- com.cms.testcases.SingleAttributeTest_01 -->
