<?xml version="1.0" encoding="UTF-8"?>
<!-- Generated by org.testng.reporters.JUnitReportReporter -->
<testsuite hostname="DESKTOP-T4JK67Q" failures="0" tests="2" name="com.cms.testcases.ProductCatalogTest_02" time="11.235" errors="0" timestamp="24 Nov 2021 12:06:37 GMT" skipped="0">
  <testcase classname="com.cms.testcases.ProductCatalogTest_02" name="login" time="2.751"/>
  <testcase classname="com.cms.testcases.ProductCatalogTest_02" name="gridView" time="8.484"/>
</testsuite> <!-- com.cms.testcases.ProductCatalogTest_02 -->
