<?xml version="1.0" encoding="UTF-8"?>
<!-- Generated by org.testng.reporters.JUnitReportReporter -->
<testsuite hostname="DESKTOP-T4JK67Q" failures="0" tests="3" name="com.cms.testcases.ProductCatalogTest_10" time="30.669" errors="0" timestamp="25 May 2022 08:04:39 GMT" skipped="0">
  <testcase classname="com.cms.testcases.ProductCatalogTest_10" name="login" time="2.534"/>
  <testcase classname="com.cms.testcases.ProductCatalogTest_10" name="clickOnProductCatalogFromList" time="27.590"/>
  <testcase classname="com.cms.testcases.ProductCatalogTest_10" name="verifyShareIcon" time="0.545"/>
</testsuite> <!-- com.cms.testcases.ProductCatalogTest_10 -->
