<?xml version="1.0" encoding="UTF-8"?>
<!-- Generated by org.testng.reporters.JUnitReportReporter -->
<testsuite hostname="DESKTOP-T4JK67Q" failures="0" tests="3" name="com.cms.testcases.BulkAttributeTest_04" time="14.683" errors="0" timestamp="27 Sep 2021 05:07:28 GMT" skipped="0">
  <testcase classname="com.cms.testcases.BulkAttributeTest_04" name="loginAction" time="2.844"/>
  <testcase classname="com.cms.testcases.BulkAttributeTest_04" name="productAttribute" time="11.630"/>
  <testcase classname="com.cms.testcases.BulkAttributeTest_04" name="attributeTemplateDownload" time="0.209"/>
</testsuite> <!-- com.cms.testcases.BulkAttributeTest_04 -->
