<?xml version="1.0" encoding="UTF-8"?>
<!-- Generated by org.testng.reporters.JUnitReportReporter -->
<testsuite hostname="DESKTOP-T4JK67Q" failures="0" tests="3" name="com.cms.testcases.BulkUploadTest_01" time="86.080" errors="0" timestamp="06 Oct 2021 11:11:15 GMT" skipped="0">
  <testcase classname="com.cms.testcases.BulkUploadTest_01" name="login" time="2.902"/>
  <testcase classname="com.cms.testcases.BulkUploadTest_01" name="bulkUpload" time="25.098"/>
  <testcase classname="com.cms.testcases.BulkUploadTest_01" name="fileAndAssetFolder" time="58.080"/>
</testsuite> <!-- com.cms.testcases.BulkUploadTest_01 -->
