<?xml version="1.0" encoding="UTF-8"?>
<!-- Generated by org.testng.reporters.JUnitReportReporter -->
<testsuite hostname="DESKTOP-T4JK67Q" failures="0" tests="3" name="com.cms.testcases.ProductCatalogTest_15" time="35.180" errors="0" timestamp="13 Jun 2022 08:10:40 GMT" skipped="0">
  <testcase classname="com.cms.testcases.ProductCatalogTest_15" name="login" time="3.021"/>
  <testcase classname="com.cms.testcases.ProductCatalogTest_15" name="clickOnProductCatalogFromList" time="31.297"/>
  <testcase classname="com.cms.testcases.ProductCatalogTest_15" name="captureUpdatedDate" time="0.862"/>
</testsuite> <!-- com.cms.testcases.ProductCatalogTest_15 -->
