<?xml version="1.0" encoding="UTF-8"?>
<!-- Generated by org.testng.reporters.JUnitReportReporter -->
<testsuite hostname="DESKTOP-T4JK67Q" failures="0" tests="3" name="com.cms.testcases.MyProfile_02" time="23.985" errors="0" timestamp="28 Dec 2021 12:26:45 GMT" skipped="0">
  <testcase classname="com.cms.testcases.MyProfile_02" name="login" time="2.548"/>
  <testcase classname="com.cms.testcases.MyProfile_02" name="navigateToMyProfileSection" time="5.645"/>
  <testcase classname="com.cms.testcases.MyProfile_02" name="editUserDetails" time="15.792"/>
</testsuite> <!-- com.cms.testcases.MyProfile_02 -->
