<?xml version="1.0" encoding="UTF-8"?>
<!-- Generated by org.testng.reporters.JUnitReportReporter -->
<testsuite hostname="DESKTOP-T4JK67Q" failures="0" tests="3" name="com.cms.testcases.ProductAttributeSingleTest_02" time="29.260" errors="0" timestamp="25 Nov 2021 10:54:17 GMT" skipped="0">
  <testcase classname="com.cms.testcases.ProductAttributeSingleTest_02" name="loginAction" time="2.532"/>
  <testcase classname="com.cms.testcases.ProductAttributeSingleTest_02" name="productAttribute" time="11.445"/>
  <testcase classname="com.cms.testcases.ProductAttributeSingleTest_02" name="emptyAttributeName" time="15.283"/>
</testsuite> <!-- com.cms.testcases.ProductAttributeSingleTest_02 -->
