<?xml version="1.0" encoding="UTF-8"?>
<!-- Generated by org.testng.reporters.JUnitReportReporter -->
<testsuite hostname="DESKTOP-T4JK67Q" failures="0" tests="3" name="com.cms.testcases.ProductCatalogTest_09" time="30.541" errors="0" timestamp="24 May 2022 07:18:02 GMT" skipped="0">
  <testcase classname="com.cms.testcases.ProductCatalogTest_09" name="login" time="2.562"/>
  <testcase classname="com.cms.testcases.ProductCatalogTest_09" name="clickOnProductCatalogFromList" time="27.401"/>
  <testcase classname="com.cms.testcases.ProductCatalogTest_09" name="verifyEyeIcon" time="0.578"/>
</testsuite> <!-- com.cms.testcases.ProductCatalogTest_09 -->
