<?xml version="1.0" encoding="UTF-8"?>
<!-- Generated by org.testng.reporters.JUnitReportReporter -->
<testsuite hostname="DESKTOP-T4JK67Q" failures="0" tests="3" name="com.cms.testcases.DeleteAttribute_01" time="22.116" errors="0" timestamp="25 Nov 2021 12:21:51 GMT" skipped="0">
  <testcase classname="com.cms.testcases.DeleteAttribute_01" name="loginAction" time="2.755"/>
  <testcase classname="com.cms.testcases.DeleteAttribute_01" name="productAttribute" time="15.410"/>
  <testcase classname="com.cms.testcases.DeleteAttribute_01" name="deleteAttributeName" time="3.951"/>
</testsuite> <!-- com.cms.testcases.DeleteAttribute_01 -->
