<?xml version="1.0" encoding="UTF-8"?>
<!-- Generated by org.testng.reporters.JUnitReportReporter -->
<testsuite hostname="DESKTOP-T4JK67Q" failures="0" tests="3" name="com.cms.testcases.ProductAttributeSingleTest_08" time="12.688" errors="0" timestamp="25 Nov 2021 12:34:34 GMT" skipped="0">
  <testcase classname="com.cms.testcases.ProductAttributeSingleTest_08" name="loginAction" time="2.735"/>
  <testcase classname="com.cms.testcases.ProductAttributeSingleTest_08" name="productAttribute" time="9.290"/>
  <testcase classname="com.cms.testcases.ProductAttributeSingleTest_08" name="sortingProductAttributes" time="0.663"/>
</testsuite> <!-- com.cms.testcases.ProductAttributeSingleTest_08 -->
