<?xml version="1.0" encoding="UTF-8"?>
<!-- Generated by org.testng.reporters.JUnitReportReporter -->
<testsuite hostname="DESKTOP-T4JK67Q" failures="0" tests="4" name="com.cms.testcases.ProductClusters_02" time="17.462" errors="0" timestamp="04 Mar 2022 07:21:45 GMT" skipped="0">
  <testcase classname="com.cms.testcases.ProductClusters_02" name="login" time="2.516"/>
  <testcase classname="com.cms.testcases.ProductClusters_02" name="productClusters" time="11.784"/>
  <testcase classname="com.cms.testcases.ProductClusters_02" name="enterClusterNameAndClickOnNextButton" time="2.747"/>
  <testcase classname="com.cms.testcases.ProductClusters_02" name="checkAttributesName" time="0.415"/>
</testsuite> <!-- com.cms.testcases.ProductClusters_02 -->
