<?xml version="1.0" encoding="UTF-8"?>
<!-- Generated by org.testng.reporters.JUnitReportReporter -->
<testsuite hostname="DESKTOP-T4JK67Q" failures="0" tests="3" name="com.cms.testcases.SortingProductAttributeTest_01" time="12.703" errors="0" timestamp="25 Nov 2021 12:31:20 GMT" skipped="0">
  <testcase classname="com.cms.testcases.SortingProductAttributeTest_01" name="loginAction" time="2.663"/>
  <testcase classname="com.cms.testcases.SortingProductAttributeTest_01" name="productAttribute" time="9.424"/>
  <testcase classname="com.cms.testcases.SortingProductAttributeTest_01" name="sortingProductAttributes" time="0.616"/>
</testsuite> <!-- com.cms.testcases.SortingProductAttributeTest_01 -->
