<?xml version="1.0" encoding="UTF-8"?>
<!-- Generated by org.testng.reporters.JUnitReportReporter -->
<testsuite hostname="DESKTOP-T4JK67Q" failures="0" tests="3" name="com.cms.testcases.ProductCategoriesTest_07" time="11.264" errors="0" timestamp="21 Oct 2021 06:32:28 GMT" skipped="0">
  <testcase classname="com.cms.testcases.ProductCategoriesTest_07" name="login" time="2.772"/>
  <testcase classname="com.cms.testcases.ProductCategoriesTest_07" name="productCategories" time="8.064"/>
  <testcase classname="com.cms.testcases.ProductCategoriesTest_07" name="searchProductCategoryInTextbox" time="0.428"/>
</testsuite> <!-- com.cms.testcases.ProductCategoriesTest_07 -->
