<?xml version="1.0" encoding="UTF-8"?>
<!-- Generated by org.testng.reporters.JUnitReportReporter -->
<testsuite hostname="DESKTOP-T4JK67Q" failures="0" tests="3" name="com.cms.testcases.ProductClusters_05" time="17.232" errors="0" timestamp="17 Dec 2021 06:53:36 GMT" skipped="0">
  <testcase classname="com.cms.testcases.ProductClusters_05" name="login" time="3.129"/>
  <testcase classname="com.cms.testcases.ProductClusters_05" name="productClusters" time="11.176"/>
  <testcase classname="com.cms.testcases.ProductClusters_05" name="leaveEmptyClusterNameAndClickOnNextButton" time="2.927"/>
</testsuite> <!-- com.cms.testcases.ProductClusters_05 -->
