<?xml version="1.0" encoding="UTF-8"?>
<!-- Generated by org.testng.reporters.JUnitReportReporter -->
<testsuite hostname="DESKTOP-T4JK67Q" failures="0" tests="3" name="com.cms.testcases.ProductCatalogTest_16" time="34.326" errors="0" timestamp="13 Jun 2022 12:37:02 GMT" skipped="0">
  <testcase classname="com.cms.testcases.ProductCatalogTest_16" name="login" time="3.175"/>
  <testcase classname="com.cms.testcases.ProductCatalogTest_16" name="clickOnProductCatalogFromList" time="30.434"/>
  <testcase classname="com.cms.testcases.ProductCatalogTest_16" name="captureTziNumber" time="0.717"/>
</testsuite> <!-- com.cms.testcases.ProductCatalogTest_16 -->
