<?xml version="1.0" encoding="UTF-8"?>
<!-- Generated by org.testng.reporters.JUnitReportReporter -->
<testsuite hostname="DESKTOP-T4JK67Q" failures="0" tests="1" name="com.cms.testcases.LoginCmsTest" time="6.319" errors="0" timestamp="23 Aug 2021 15:36:58 GMT" skipped="0">
  <testcase classname="com.cms.testcases.LoginCmsTest" name="loginAction" time="6.319"/>
</testsuite> <!-- com.cms.testcases.LoginCmsTest -->
