<?xml version="1.0" encoding="UTF-8"?>
<!-- Generated by org.testng.reporters.JUnitReportReporter -->
<testsuite hostname="DESKTOP-T4JK67Q" failures="0" tests="3" name="com.cms.testcases.ProductCatalogTest_17" time="34.009" errors="0" timestamp="14 Jun 2022 11:43:43 GMT" skipped="0">
  <testcase classname="com.cms.testcases.ProductCatalogTest_17" name="login" time="3.015"/>
  <testcase classname="com.cms.testcases.ProductCatalogTest_17" name="clickOnProductCatalogFromList" time="30.505"/>
  <testcase classname="com.cms.testcases.ProductCatalogTest_17" name="captureCategoryName" time="0.489"/>
</testsuite> <!-- com.cms.testcases.ProductCatalogTest_17 -->
