<?xml version="1.0" encoding="UTF-8"?>
<!-- Generated by org.testng.reporters.JUnitReportReporter -->
<testsuite hostname="DESKTOP-T4JK67Q" failures="0" tests="3" name="com.cms.testcases.ProductCatalogTest_06" time="35.413" errors="0" timestamp="07 Jan 2022 09:59:12 GMT" skipped="0">
  <testcase classname="com.cms.testcases.ProductCatalogTest_06" name="login" time="2.557"/>
  <testcase classname="com.cms.testcases.ProductCatalogTest_06" name="clickOnProductCatalogFromList" time="28.105"/>
  <testcase classname="com.cms.testcases.ProductCatalogTest_06" name="clickOnShareAndCopyUrl" time="4.751"/>
</testsuite> <!-- com.cms.testcases.ProductCatalogTest_06 -->
